<?xml version="1.0" encoding="UTF-8"?>
<!-- Generated by org.testng.reporters.JUnitReportReporter -->
<testsuite name="testcases.TC001_LoginAndLogout2" tests="2" time="8.956" ignored="3" failures="0" timestamp="04 Mar 2018 09:12:07 GMT" skipped="2" hostname="dell-PC" errors="0">
  <testcase name="loginAndLogout" time="8.955" classname="testcases.TC001_LoginAndLogout2">
    <skipped/>
  </testcase> <!-- loginAndLogout -->
  <testcase name="loginAndLogout" time="0.001" classname="testcases.TC001_LoginAndLogout2">
    <skipped/>
  </testcase> <!-- loginAndLogout -->
  <testcase name="afterTest" classname="wdMethods.ProjectMethods">
    <skipped/>
  </testcase> <!-- afterTest -->
  <testcase name="beforeSuite" classname="wdMethods.ProjectMethods">
    <skipped/>
  </testcase> <!-- beforeSuite -->
  <testcase name="afterSuite" classname="wdMethods.ProjectMethods">
    <skipped/>
  </testcase> <!-- afterSuite -->
</testsuite> <!-- testcases.TC001_LoginAndLogout2 -->
