<?xml version="1.0" encoding="UTF-8"?>
<!-- Generated by org.testng.reporters.JUnitReportReporter -->
<testsuite skipped="0" hostname="GopinathJayakumar" name="testcases.TC001_LoginAndLogout" tests="2" failures="0" timestamp="11 Mar 2018 00:52:26 GMT" time="41.200" errors="0">
  <testcase name="loginAndLogout" time="11.576" classname="testcases.TC001_LoginAndLogout"/>
  <testcase name="loginAndLogout" time="29.624" classname="testcases.TC001_LoginAndLogout"/>
</testsuite> <!-- testcases.TC001_LoginAndLogout -->
