<?xml version="1.0" encoding="UTF-8"?>
<!-- Generated by org.testng.reporters.JUnitReportReporter -->
<testsuite skipped="0" hostname="GopinathJayakumar" name="testcases.TC002_LoginForNegative" tests="4" failures="0" timestamp="11 Mar 2018 00:53:29 GMT" time="41.813" errors="0">
  <testcase name="loginAndLogout" time="7.545" classname="testcases.TC002_LoginForNegative"/>
  <testcase name="loginAndLogout" time="9.018" classname="testcases.TC002_LoginForNegative"/>
  <testcase name="loginAndLogout" time="15.196" classname="testcases.TC002_LoginForNegative"/>
  <testcase name="loginAndLogout" time="10.054" classname="testcases.TC002_LoginForNegative"/>
</testsuite> <!-- testcases.TC002_LoginForNegative -->
