<?xml version="1.0" encoding="UTF-8"?>
<!-- Generated by org.testng.reporters.JUnitReportReporter -->
<testsuite skipped="0" hostname="GopinathJayakumar" name="testcases.TC001_LoginLogOut" tests="3" failures="0" timestamp="17 Mar 2018 08:05:27 GMT" time="25.053" errors="0">
  <testcase name="createLeaf" time="8.628" classname="testcases.TC001_LoginLogOut"/>
  <testcase name="createLeaf" time="8.443" classname="testcases.TC001_LoginLogOut"/>
  <testcase name="createLeaf" time="7.982" classname="testcases.TC001_LoginLogOut"/>
</testsuite> <!-- testcases.TC001_LoginLogOut -->
