<?xml version="1.0" encoding="UTF-8"?>
<!-- Generated by org.testng.reporters.JUnitReportReporter -->
<testsuite skipped="3" hostname="DELL-PC" name="com.balaji.core.utils.UsingTestng" tests="9" failures="0" timestamp="11 Aug 2020 15:11:14 GMT" time="37.593" errors="0">
  <testcase name="pageLaunch2" time="0.474" classname="com.balaji.core.utils.UsingTestng"/>
  <testcase name="pageLaunch2" time="0.425" classname="com.balaji.core.utils.UsingTestng"/>
  <testcase name="pageLaunch2" time="1.680" classname="com.balaji.core.utils.UsingTestng"/>
  <testcase name="pageLaunch2" time="0.705" classname="com.balaji.core.utils.UsingTestng"/>
  <testcase name="pageLaunch2" time="8.870" classname="com.balaji.core.utils.UsingTestng"/>
  <testcase name="pageLaunch" time="25.439" classname="com.balaji.core.utils.UsingTestng"/>
  <testcase name="pageLaunch1" classname="com.balaji.core.utils.UsingTestng">
    <skipped/>
  </testcase> <!-- pageLaunch1 -->
  <testcase name="pageLaunch5" classname="com.balaji.core.utils.UsingTestng">
    <skipped/>
  </testcase> <!-- pageLaunch5 -->
  <testcase name="pageLaunch3" classname="com.balaji.core.utils.UsingTestng">
    <skipped/>
  </testcase> <!-- pageLaunch3 -->
</testsuite> <!-- com.balaji.core.utils.UsingTestng -->
