<?xml version="1.0" encoding="UTF-8"?>
<!-- Generated by org.testng.reporters.JUnitReportReporter -->
<testsuite skipped="0" hostname="DELL-PC" name="com.balaji.core.utils.UsingTestng2" tests="11" failures="0" timestamp="10 Aug 2020 09:06:19 GMT" time="0.040" errors="0">
  <testcase name="logintest" time="0.005" classname="com.balaji.core.utils.UsingTestng2"/>
  <testcase name="logintest" time="0.000" classname="com.balaji.core.utils.UsingTestng2"/>
  <testcase name="logintest" time="0.000" classname="com.balaji.core.utils.UsingTestng2"/>
  <testcase name="logintest" time="0.005" classname="com.balaji.core.utils.UsingTestng2"/>
  <testcase name="logintest" time="0.000" classname="com.balaji.core.utils.UsingTestng2"/>
  <testcase name="logintest" time="0.005" classname="com.balaji.core.utils.UsingTestng2"/>
  <testcase name="logintest" time="0.010" classname="com.balaji.core.utils.UsingTestng2"/>
  <testcase name="logintest" time="0.005" classname="com.balaji.core.utils.UsingTestng2"/>
  <testcase name="logintest" time="0.000" classname="com.balaji.core.utils.UsingTestng2"/>
  <testcase name="logintest" time="0.005" classname="com.balaji.core.utils.UsingTestng2"/>
  <testcase name="logintest" time="0.005" classname="com.balaji.core.utils.UsingTestng2"/>
</testsuite> <!-- com.balaji.core.utils.UsingTestng2 -->
