<?xml version="1.0" encoding="UTF-8"?>
<!-- Generated by org.testng.reporters.JUnitReportReporter -->
<testsuite skipped="2" hostname="DELL-PC" name="com.balaji.core.utils.UsingTestng" tests="5" failures="0" timestamp="07 Aug 2020 05:04:50 GMT" time="28.791" errors="0">
  <testcase name="pageLaunch2" time="5.446" classname="com.balaji.core.utils.UsingTestng"/>
  <testcase name="pageLaunch" time="11.779" classname="com.balaji.core.utils.UsingTestng"/>
  <testcase name="pageLaunch5" time="11.566" classname="com.balaji.core.utils.UsingTestng"/>
  <testcase name="pageLaunch1" classname="com.balaji.core.utils.UsingTestng">
    <skipped/>
  </testcase> <!-- pageLaunch1 -->
  <testcase name="pageLaunch3" classname="com.balaji.core.utils.UsingTestng">
    <skipped/>
  </testcase> <!-- pageLaunch3 -->
</testsuite> <!-- com.balaji.core.utils.UsingTestng -->
