<?xml version="1.0" encoding="UTF-8"?>
<!-- Generated by org.testng.reporters.JUnitReportReporter -->
<testsuite skipped="3" hostname="DELL-PC" name="com.balaji.core.utils.UsingTestng" tests="9" failures="0" timestamp="11 Aug 2020 11:35:14 GMT" time="14.924" errors="0">
  <testcase name="pageLaunch2" time="2.136" classname="com.balaji.core.utils.UsingTestng"/>
  <testcase name="pageLaunch2" time="0.718" classname="com.balaji.core.utils.UsingTestng"/>
  <testcase name="pageLaunch2" time="0.530" classname="com.balaji.core.utils.UsingTestng"/>
  <testcase name="pageLaunch2" time="1.679" classname="com.balaji.core.utils.UsingTestng"/>
  <testcase name="pageLaunch2" time="0.400" classname="com.balaji.core.utils.UsingTestng"/>
  <testcase name="pageLaunch" time="9.461" classname="com.balaji.core.utils.UsingTestng"/>
  <testcase name="pageLaunch1" classname="com.balaji.core.utils.UsingTestng">
    <skipped/>
  </testcase> <!-- pageLaunch1 -->
  <testcase name="pageLaunch5" classname="com.balaji.core.utils.UsingTestng">
    <skipped/>
  </testcase> <!-- pageLaunch5 -->
  <testcase name="pageLaunch3" classname="com.balaji.core.utils.UsingTestng">
    <skipped/>
  </testcase> <!-- pageLaunch3 -->
</testsuite> <!-- com.balaji.core.utils.UsingTestng -->
