<?xml version="1.0" encoding="UTF-8"?>
<!-- Generated by org.testng.reporters.JUnitReportReporter -->
<testsuite skipped="0" hostname="DELL-PC" name="com.balaji.core.utils.ExtentReportwithTestng" tests="2" failures="0" timestamp="11 Aug 2020 15:11:14 GMT" time="14.607" errors="0">
  <testcase name="test" time="0.010" classname="com.balaji.core.utils.ExtentReportwithTestng"/>
  <testcase name="pageLaunch" time="14.597" classname="com.balaji.core.utils.ExtentReportwithTestng"/>
</testsuite> <!-- com.balaji.core.utils.ExtentReportwithTestng -->
