<?xml version="1.0" encoding="UTF-8"?>
<!-- Generated by org.testng.reporters.JUnitReportReporter -->
<testsuite skipped="0" hostname="DELL-PC" name="com.balaji.core.utils.ExtentReportwithTestng" tests="3" failures="0" timestamp="12 Aug 2020 16:27:47 GMT" time="24.193" errors="0">
  <testcase name="pageLaunch" time="15.426" classname="com.balaji.core.utils.ExtentReportwithTestng"/>
  <testcase name="pageLaunch1" time="8.763" classname="com.balaji.core.utils.ExtentReportwithTestng"/>
  <testcase name="test" time="0.004" classname="com.balaji.core.utils.ExtentReportwithTestng"/>
</testsuite> <!-- com.balaji.core.utils.ExtentReportwithTestng -->
