<?xml version="1.0" encoding="UTF-8"?>
<!-- Generated by org.testng.reporters.JUnitReportReporter -->
<testsuite skipped="0" hostname="DELL-PC" name="com.balaji.core.utils.UsingTestng2" tests="55" failures="0" timestamp="11 Aug 2020 15:11:14 GMT" time="0.119" errors="0">
  <testcase name="logintest" time="0.003" classname="com.balaji.core.utils.UsingTestng2"/>
  <testcase name="logintest" time="0.003" classname="com.balaji.core.utils.UsingTestng2"/>
  <testcase name="logintest" time="0.002" classname="com.balaji.core.utils.UsingTestng2"/>
  <testcase name="logintest" time="0.010" classname="com.balaji.core.utils.UsingTestng2"/>
  <testcase name="logintest" time="0.001" classname="com.balaji.core.utils.UsingTestng2"/>
  <testcase name="logintest" time="0.003" classname="com.balaji.core.utils.UsingTestng2"/>
  <testcase name="logintest" time="0.002" classname="com.balaji.core.utils.UsingTestng2"/>
  <testcase name="logintest" time="0.003" classname="com.balaji.core.utils.UsingTestng2"/>
  <testcase name="logintest" time="0.001" classname="com.balaji.core.utils.UsingTestng2"/>
  <testcase name="logintest" time="0.002" classname="com.balaji.core.utils.UsingTestng2"/>
  <testcase name="logintest" time="0.002" classname="com.balaji.core.utils.UsingTestng2"/>
  <testcase name="logintest" time="0.002" classname="com.balaji.core.utils.UsingTestng2"/>
  <testcase name="logintest" time="0.002" classname="com.balaji.core.utils.UsingTestng2"/>
  <testcase name="logintest" time="0.002" classname="com.balaji.core.utils.UsingTestng2"/>
  <testcase name="logintest" time="0.001" classname="com.balaji.core.utils.UsingTestng2"/>
  <testcase name="logintest" time="0.001" classname="com.balaji.core.utils.UsingTestng2"/>
  <testcase name="logintest" time="0.003" classname="com.balaji.core.utils.UsingTestng2"/>
  <testcase name="logintest" time="0.003" classname="com.balaji.core.utils.UsingTestng2"/>
  <testcase name="logintest" time="0.002" classname="com.balaji.core.utils.UsingTestng2"/>
  <testcase name="logintest" time="0.001" classname="com.balaji.core.utils.UsingTestng2"/>
  <testcase name="logintest" time="0.003" classname="com.balaji.core.utils.UsingTestng2"/>
  <testcase name="logintest" time="0.002" classname="com.balaji.core.utils.UsingTestng2"/>
  <testcase name="logintest" time="0.002" classname="com.balaji.core.utils.UsingTestng2"/>
  <testcase name="logintest" time="0.001" classname="com.balaji.core.utils.UsingTestng2"/>
  <testcase name="logintest" time="0.002" classname="com.balaji.core.utils.UsingTestng2"/>
  <testcase name="logintest" time="0.003" classname="com.balaji.core.utils.UsingTestng2"/>
  <testcase name="logintest" time="0.002" classname="com.balaji.core.utils.UsingTestng2"/>
  <testcase name="logintest" time="0.002" classname="com.balaji.core.utils.UsingTestng2"/>
  <testcase name="logintest" time="0.002" classname="com.balaji.core.utils.UsingTestng2"/>
  <testcase name="logintest" time="0.001" classname="com.balaji.core.utils.UsingTestng2"/>
  <testcase name="logintest" time="0.002" classname="com.balaji.core.utils.UsingTestng2"/>
  <testcase name="logintest" time="0.004" classname="com.balaji.core.utils.UsingTestng2"/>
  <testcase name="logintest" time="0.002" classname="com.balaji.core.utils.UsingTestng2"/>
  <testcase name="logintest" time="0.002" classname="com.balaji.core.utils.UsingTestng2"/>
  <testcase name="logintest" time="0.002" classname="com.balaji.core.utils.UsingTestng2"/>
  <testcase name="logintest" time="0.001" classname="com.balaji.core.utils.UsingTestng2"/>
  <testcase name="logintest" time="0.001" classname="com.balaji.core.utils.UsingTestng2"/>
  <testcase name="logintest" time="0.002" classname="com.balaji.core.utils.UsingTestng2"/>
  <testcase name="logintest" time="0.003" classname="com.balaji.core.utils.UsingTestng2"/>
  <testcase name="logintest" time="0.005" classname="com.balaji.core.utils.UsingTestng2"/>
  <testcase name="logintest" time="0.001" classname="com.balaji.core.utils.UsingTestng2"/>
  <testcase name="logintest" time="0.002" classname="com.balaji.core.utils.UsingTestng2"/>
  <testcase name="logintest" time="0.001" classname="com.balaji.core.utils.UsingTestng2"/>
  <testcase name="logintest" time="0.001" classname="com.balaji.core.utils.UsingTestng2"/>
  <testcase name="logintest" time="0.002" classname="com.balaji.core.utils.UsingTestng2"/>
  <testcase name="logintest" time="0.002" classname="com.balaji.core.utils.UsingTestng2"/>
  <testcase name="logintest" time="0.002" classname="com.balaji.core.utils.UsingTestng2"/>
  <testcase name="logintest" time="0.002" classname="com.balaji.core.utils.UsingTestng2"/>
  <testcase name="logintest" time="0.003" classname="com.balaji.core.utils.UsingTestng2"/>
  <testcase name="logintest" time="0.002" classname="com.balaji.core.utils.UsingTestng2"/>
  <testcase name="logintest" time="0.002" classname="com.balaji.core.utils.UsingTestng2"/>
  <testcase name="logintest" time="0.001" classname="com.balaji.core.utils.UsingTestng2"/>
  <testcase name="logintest" time="0.001" classname="com.balaji.core.utils.UsingTestng2"/>
  <testcase name="logintest" time="0.002" classname="com.balaji.core.utils.UsingTestng2"/>
  <testcase name="logintest" time="0.002" classname="com.balaji.core.utils.UsingTestng2"/>
</testsuite> <!-- com.balaji.core.utils.UsingTestng2 -->
