<?xml version="1.0" encoding="UTF-8"?>
<!-- Generated by org.testng.reporters.JUnitReportReporter -->
<testsuite skipped="0" hostname="DELL-PC" name="com.balaji.core.utils.TesNg" tests="1" failures="0" timestamp="25 Jul 2020 16:14:52 GMT" time="62.819" errors="0">
  <testcase name="tes" time="62.819" classname="com.balaji.core.utils.TesNg"/>
</testsuite> <!-- com.balaji.core.utils.TesNg -->
