<?xml version="1.0" encoding="UTF-8"?>
<!-- Generated by org.testng.reporters.JUnitReportReporter -->
<testsuite skipped="0" hostname="DELL-PC" name="com.balaji.core.utils.UsingTestng1" tests="2" failures="0" timestamp="07 Aug 2020 16:27:56 GMT" time="0.010" errors="0">
  <testcase name="logintest" time="0.010" classname="com.balaji.core.utils.UsingTestng1"/>
  <testcase name="logintest" time="0.000" classname="com.balaji.core.utils.UsingTestng1"/>
</testsuite> <!-- com.balaji.core.utils.UsingTestng1 -->
