<?xml version="1.0" encoding="UTF-8"?>
<!-- Generated by org.testng.reporters.JUnitReportReporter -->
<testsuite skipped="2" hostname="DELL-PC" name="com.balaji.core.utils.UsingTestng" tests="5" failures="0" timestamp="06 Aug 2020 16:51:54 GMT" time="56.135" errors="0">
  <testcase name="pageLaunch2" time="7.968" classname="com.balaji.core.utils.UsingTestng"/>
  <testcase name="pageLaunch" time="25.872" classname="com.balaji.core.utils.UsingTestng"/>
  <testcase name="pageLaunch5" time="22.295" classname="com.balaji.core.utils.UsingTestng"/>
  <testcase name="pageLaunch1" classname="com.balaji.core.utils.UsingTestng">
    <skipped/>
  </testcase> <!-- pageLaunch1 -->
  <testcase name="pageLaunch3" classname="com.balaji.core.utils.UsingTestng">
    <skipped/>
  </testcase> <!-- pageLaunch3 -->
</testsuite> <!-- com.balaji.core.utils.UsingTestng -->
