<?xml version="1.0" encoding="UTF-8"?>
<!-- Generated by org.testng.reporters.JUnitReportReporter -->
<testsuite hostname="Babu" name="testcases.TC001_CreateLead" tests="2" failures="0" timestamp="29 Oct 2017 03:26:35 GMT" time="40.867" errors="0">
  <testcase name="createLead" time="20.842" classname="testcases.TC001_CreateLead"/>
  <testcase name="createLead" time="20.025" classname="testcases.TC001_CreateLead"/>
</testsuite> <!-- testcases.TC001_CreateLead -->
