<?xml version="1.0" encoding="UTF-8"?>
<!-- Generated by org.testng.reporters.JUnitReportReporter -->
<testsuite hostname="Babu" name="saavari.GetCostliestCar" tests="1" failures="0" timestamp="3 Sep 2017 07:09:13 GMT" time="14.457" errors="0">
  <testcase name="getCar" time="14.457" classname="saavari.GetCostliestCar"/>
</testsuite> <!-- saavari.GetCostliestCar -->
